<?xml version="1.0" encoding="UTF-8"?>
<!-- Generated by org.testng.reporters.JUnitReportReporter -->
<testsuite skipped="0" hostname="Fatoss-MacBook-Air.local" name="webTables.ReadWebtables" tests="2" failures="0" timestamp="01 Jul 2018 02:05:37 GMT" time="5.976" errors="0">
  <testcase name="applicantsData" time="4.911" classname="webTables.ReadWebtables"/>
  <testcase name="readScores" time="1.065" classname="webTables.ReadWebtables"/>
</testsuite> <!-- webTables.ReadWebtables -->
