<?xml version="1.0" encoding="UTF-8"?>
<!-- Generated by org.testng.reporters.JUnitReportReporter -->
<testsuite skipped="1" hostname="Fatoss-MacBook-Air.local" name="pomdesign.WebOrdersLoginTests" tests="3" failures="0" timestamp="10 Jul 2018 18:39:06 GMT" time="1.690" errors="0">
  <testcase name="invalidUsernameTest" time="1.005" classname="pomdesign.WebOrdersLoginTests"/>
  <testcase name="positiveLoginUsingPOM" time="0.685" classname="pomdesign.WebOrdersLoginTests"/>
  <testcase name="positiveloginTest" classname="pomdesign.WebOrdersLoginTests">
    <skipped/>
  </testcase> <!-- positiveloginTest -->
</testsuite> <!-- pomdesign.WebOrdersLoginTests -->
