<?xml version="1.0" encoding="UTF-8"?>
<!-- Generated by org.testng.reporters.JUnitReportReporter -->
<testsuite skipped="0" hostname="Fatoss-MacBook-Air.local" name="com.cybertek.SearchTests" tests="1" failures="0" timestamp="21 Jun 2018 01:53:44 GMT" time="58.287" errors="0">
  <testcase name="amazonSearchOne" time="58.287" classname="com.cybertek.SearchTests"/>
</testsuite> <!-- com.cybertek.SearchTests -->
