<?xml version="1.0" encoding="UTF-8"?>
<!-- Generated by org.testng.reporters.JUnitReportReporter -->
<testsuite skipped="0" hostname="Fatoss-MacBook-Air.local" name="com.cybertek.AutomationProject" tests="15" failures="0" timestamp="27 Jun 2018 19:14:17 GMT" time="13.329" errors="0">
  <testcase name="testL" time="3.543" classname="com.cybertek.AutomationProject"/>
  <testcase name="testC" time="0.483" classname="com.cybertek.AutomationProject"/>
  <testcase name="testO" time="1.715" classname="com.cybertek.AutomationProject"/>
  <testcase name="testN" time="0.929" classname="com.cybertek.AutomationProject"/>
  <testcase name="testB" time="0.221" classname="com.cybertek.AutomationProject"/>
  <testcase name="testE" time="0.031" classname="com.cybertek.AutomationProject"/>
  <testcase name="testK" time="0.148" classname="com.cybertek.AutomationProject"/>
  <testcase name="testJ" time="0.314" classname="com.cybertek.AutomationProject"/>
  <testcase name="testG" time="0.037" classname="com.cybertek.AutomationProject"/>
  <testcase name="testF" time="0.027" classname="com.cybertek.AutomationProject"/>
  <testcase name="testM" time="5.631" classname="com.cybertek.AutomationProject"/>
  <testcase name="testA" time="0.017" classname="com.cybertek.AutomationProject"/>
  <testcase name="testI" time="0.064" classname="com.cybertek.AutomationProject"/>
  <testcase name="testH" time="0.034" classname="com.cybertek.AutomationProject"/>
  <testcase name="testD" time="0.135" classname="com.cybertek.AutomationProject"/>
</testsuite> <!-- com.cybertek.AutomationProject -->
