<?xml version="1.0" encoding="UTF-8"?>
<!-- Generated by org.testng.reporters.JUnitReportReporter -->
<testsuite skipped="0" hostname="Fatoss-MacBook-Air.local" name="com.cybertek.WarmUp" tests="1" failures="0" timestamp="30 Jun 2018 15:48:06 GMT" time="9.247" errors="0">
  <testcase name="getAllProductsV1" time="9.247" classname="com.cybertek.WarmUp"/>
</testsuite> <!-- com.cybertek.WarmUp -->
