<?xml version="1.0" encoding="UTF-8"?>
<!-- Generated by org.testng.reporters.JUnitReportReporter -->
<testsuite skipped="0" hostname="Fatoss-MacBook-Air.local" name="com.cybertek.TestGNDemo" tests="2" failures="0" timestamp="20 Jun 2018 00:41:52 GMT" time="0.016" errors="0">
  <testcase name="testOne" time="0.009" classname="com.cybertek.TestGNDemo"/>
  <testcase name="testSecond" time="0.007" classname="com.cybertek.TestGNDemo"/>
</testsuite> <!-- com.cybertek.TestGNDemo -->
