<?xml version="1.0" encoding="UTF-8"?>
<!-- Generated by org.testng.reporters.JUnitReportReporter -->
<testsuite skipped="0" hostname="Fatoss-MacBook-Air.local" name="PopUpsFrames.PopupExamples" tests="1" failures="0" timestamp="07 Jul 2018 15:54:56 GMT" time="4.902" errors="0">
  <testcase name="jsAlertTest" time="4.902" classname="PopUpsFrames.PopupExamples"/>
</testsuite> <!-- PopUpsFrames.PopupExamples -->
