<?xml version="1.0" encoding="UTF-8"?>
<!-- Generated by org.testng.reporters.JUnitReportReporter -->
<testsuite skipped="0" hostname="Fatoss-MacBook-Air.local" name="PropertiesProject.Test1" tests="1" failures="0" timestamp="11 Jul 2018 02:02:19 GMT" time="4.981" errors="0">
  <testcase name="logIn" time="4.981" classname="PropertiesProject.Test1"/>
</testsuite> <!-- PropertiesProject.Test1 -->
