<?xml version="1.0" encoding="UTF-8"?>
<!-- Generated by org.testng.reporters.JUnitReportReporter -->
<testsuite skipped="0" hostname="Fatoss-MacBook-Air.local" name="com.cybertek.FileUploadExamples" tests="1" failures="0" timestamp="03 Jul 2018 23:46:21 GMT" time="11.380" errors="0">
  <testcase name="testFileUpload" time="11.380" classname="com.cybertek.FileUploadExamples"/>
</testsuite> <!-- com.cybertek.FileUploadExamples -->
